[2025-07-19 21:57:52] local.ERROR: Unable to prepare route [/] for serialization. Another route has already been assigned name [home.mfx]. {"exception":"[object] (LogicException(code: 0): Unable to prepare route [/] for serialization. Another route has already been assigned name [home.mfx]. at D:\\XAMPPP\\htdocs\\laravel-tutorial\\oliver-rein\\vendor\\laravel\\framework\\src\\Illuminate\\Routing\\AbstractRouteCollection.php:248)
[stacktrace]
#0 D:\\XAMPPP\\htdocs\\laravel-tutorial\\oliver-rein\\vendor\\laravel\\framework\\src\\Illuminate\\Routing\\AbstractRouteCollection.php(209): Illuminate\\Routing\\AbstractRouteCollection->addToSymfonyRoutesCollection(Object(Symfony\\Component\\Routing\\RouteCollection), Object(Illuminate\\Routing\\Route))
#1 D:\\XAMPPP\\htdocs\\laravel-tutorial\\oliver-rein\\vendor\\laravel\\framework\\src\\Illuminate\\Routing\\RouteCollection.php(246): Illuminate\\Routing\\AbstractRouteCollection->toSymfonyRouteCollection()
#2 D:\\XAMPPP\\htdocs\\laravel-tutorial\\oliver-rein\\vendor\\laravel\\framework\\src\\Illuminate\\Routing\\AbstractRouteCollection.php(193): Illuminate\\Routing\\RouteCollection->toSymfonyRouteCollection()
#3 D:\\XAMPPP\\htdocs\\laravel-tutorial\\oliver-rein\\vendor\\laravel\\framework\\src\\Illuminate\\Routing\\AbstractRouteCollection.php(164): Illuminate\\Routing\\AbstractRouteCollection->dumper()
#4 D:\\XAMPPP\\htdocs\\laravel-tutorial\\oliver-rein\\vendor\\laravel\\framework\\src\\Illuminate\\Foundation\\Console\\RouteCacheCommand.php(108): Illuminate\\Routing\\AbstractRouteCollection->compile()
#5 D:\\XAMPPP\\htdocs\\laravel-tutorial\\oliver-rein\\vendor\\laravel\\framework\\src\\Illuminate\\Foundation\\Console\\RouteCacheCommand.php(67): Illuminate\\Foundation\\Console\\RouteCacheCommand->buildRouteCacheFile(Object(Illuminate\\Routing\\RouteCollection))
#6 D:\\XAMPPP\\htdocs\\laravel-tutorial\\oliver-rein\\vendor\\laravel\\framework\\src\\Illuminate\\Container\\BoundMethod.php(36): Illuminate\\Foundation\\Console\\RouteCacheCommand->handle()
#7 D:\\XAMPPP\\htdocs\\laravel-tutorial\\oliver-rein\\vendor\\laravel\\framework\\src\\Illuminate\\Container\\Util.php(43): Illuminate\\Container\\BoundMethod::Illuminate\\Container\\{closure}()
#8 D:\\XAMPPP\\htdocs\\laravel-tutorial\\oliver-rein\\vendor\\laravel\\framework\\src\\Illuminate\\Container\\BoundMethod.php(96): Illuminate\\Container\\Util::unwrapIfClosure(Object(Closure))
#9 D:\\XAMPPP\\htdocs\\laravel-tutorial\\oliver-rein\\vendor\\laravel\\framework\\src\\Illuminate\\Container\\BoundMethod.php(35): Illuminate\\Container\\BoundMethod::callBoundMethod(Object(Illuminate\\Foundation\\Application), Array, Object(Closure))
#10 D:\\XAMPPP\\htdocs\\laravel-tutorial\\oliver-rein\\vendor\\laravel\\framework\\src\\Illuminate\\Container\\Container.php(754): Illuminate\\Container\\BoundMethod::call(Object(Illuminate\\Foundation\\Application), Array, Array, NULL)
#11 D:\\XAMPPP\\htdocs\\laravel-tutorial\\oliver-rein\\vendor\\laravel\\framework\\src\\Illuminate\\Console\\Command.php(209): Illuminate\\Container\\Container->call(Array)
#12 D:\\XAMPPP\\htdocs\\laravel-tutorial\\oliver-rein\\vendor\\symfony\\console\\Command\\Command.php(318): Illuminate\\Console\\Command->execute(Object(Symfony\\Component\\Console\\Input\\ArrayInput), Object(Illuminate\\Console\\OutputStyle))
#13 D:\\XAMPPP\\htdocs\\laravel-tutorial\\oliver-rein\\vendor\\laravel\\framework\\src\\Illuminate\\Console\\Command.php(178): Symfony\\Component\\Console\\Command\\Command->run(Object(Symfony\\Component\\Console\\Input\\ArrayInput), Object(Illuminate\\Console\\OutputStyle))
#14 D:\\XAMPPP\\htdocs\\laravel-tutorial\\oliver-rein\\vendor\\laravel\\framework\\src\\Illuminate\\Console\\Concerns\\CallsCommands.php(68): Illuminate\\Console\\Command->run(Object(Symfony\\Component\\Console\\Input\\ArrayInput), Object(Symfony\\Component\\Console\\Output\\NullOutput))
#15 D:\\XAMPPP\\htdocs\\laravel-tutorial\\oliver-rein\\vendor\\laravel\\framework\\src\\Illuminate\\Console\\Concerns\\CallsCommands.php(41): Illuminate\\Console\\Command->runCommand('route:cache', Array, Object(Symfony\\Component\\Console\\Output\\NullOutput))
#16 D:\\XAMPPP\\htdocs\\laravel-tutorial\\oliver-rein\\vendor\\laravel\\framework\\src\\Illuminate\\Console\\Concerns\\CallsCommands.php(53): Illuminate\\Console\\Command->callSilent('route:cache', Array)
#17 D:\\XAMPPP\\htdocs\\laravel-tutorial\\oliver-rein\\vendor\\laravel\\framework\\src\\Illuminate\\Foundation\\Console\\OptimizeCommand.php(48): Illuminate\\Console\\Command->callSilently('route:cache')
#18 D:\\XAMPPP\\htdocs\\laravel-tutorial\\oliver-rein\\vendor\\laravel\\framework\\src\\Illuminate\\Console\\View\\Components\\Task.php(41): Illuminate\\Foundation\\Console\\OptimizeCommand->Illuminate\\Foundation\\Console\\{closure}()
#19 D:\\XAMPPP\\htdocs\\laravel-tutorial\\oliver-rein\\vendor\\laravel\\framework\\src\\Illuminate\\Console\\View\\Components\\Factory.php(59): Illuminate\\Console\\View\\Components\\Task->render('routes', Object(Closure))
#20 D:\\XAMPPP\\htdocs\\laravel-tutorial\\oliver-rein\\vendor\\laravel\\framework\\src\\Illuminate\\Foundation\\Console\\OptimizeCommand.php(48): Illuminate\\Console\\View\\Components\\Factory->__call('task', Array)
#21 D:\\XAMPPP\\htdocs\\laravel-tutorial\\oliver-rein\\vendor\\laravel\\framework\\src\\Illuminate\\Container\\BoundMethod.php(36): Illuminate\\Foundation\\Console\\OptimizeCommand->handle()
#22 D:\\XAMPPP\\htdocs\\laravel-tutorial\\oliver-rein\\vendor\\laravel\\framework\\src\\Illuminate\\Container\\Util.php(43): Illuminate\\Container\\BoundMethod::Illuminate\\Container\\{closure}()
#23 D:\\XAMPPP\\htdocs\\laravel-tutorial\\oliver-rein\\vendor\\laravel\\framework\\src\\Illuminate\\Container\\BoundMethod.php(96): Illuminate\\Container\\Util::unwrapIfClosure(Object(Closure))
#24 D:\\XAMPPP\\htdocs\\laravel-tutorial\\oliver-rein\\vendor\\laravel\\framework\\src\\Illuminate\\Container\\BoundMethod.php(35): Illuminate\\Container\\BoundMethod::callBoundMethod(Object(Illuminate\\Foundation\\Application), Array, Object(Closure))
#25 D:\\XAMPPP\\htdocs\\laravel-tutorial\\oliver-rein\\vendor\\laravel\\framework\\src\\Illuminate\\Container\\Container.php(754): Illuminate\\Container\\BoundMethod::call(Object(Illuminate\\Foundation\\Application), Array, Array, NULL)
#26 D:\\XAMPPP\\htdocs\\laravel-tutorial\\oliver-rein\\vendor\\laravel\\framework\\src\\Illuminate\\Console\\Command.php(209): Illuminate\\Container\\Container->call(Array)
#27 D:\\XAMPPP\\htdocs\\laravel-tutorial\\oliver-rein\\vendor\\symfony\\console\\Command\\Command.php(318): Illuminate\\Console\\Command->execute(Object(Symfony\\Component\\Console\\Input\\ArgvInput), Object(Illuminate\\Console\\OutputStyle))
#28 D:\\XAMPPP\\htdocs\\laravel-tutorial\\oliver-rein\\vendor\\laravel\\framework\\src\\Illuminate\\Console\\Command.php(178): Symfony\\Component\\Console\\Command\\Command->run(Object(Symfony\\Component\\Console\\Input\\ArgvInput), Object(Illuminate\\Console\\OutputStyle))
#29 D:\\XAMPPP\\htdocs\\laravel-tutorial\\oliver-rein\\vendor\\symfony\\console\\Application.php(1092): Illuminate\\Console\\Command->run(Object(Symfony\\Component\\Console\\Input\\ArgvInput), Object(Symfony\\Component\\Console\\Output\\ConsoleOutput))
#30 D:\\XAMPPP\\htdocs\\laravel-tutorial\\oliver-rein\\vendor\\symfony\\console\\Application.php(341): Symfony\\Component\\Console\\Application->doRunCommand(Object(Illuminate\\Foundation\\Console\\OptimizeCommand), Object(Symfony\\Component\\Console\\Input\\ArgvInput), Object(Symfony\\Component\\Console\\Output\\ConsoleOutput))
#31 D:\\XAMPPP\\htdocs\\laravel-tutorial\\oliver-rein\\vendor\\symfony\\console\\Application.php(192): Symfony\\Component\\Console\\Application->doRun(Object(Symfony\\Component\\Console\\Input\\ArgvInput), Object(Symfony\\Component\\Console\\Output\\ConsoleOutput))
#32 D:\\XAMPPP\\htdocs\\laravel-tutorial\\oliver-rein\\vendor\\laravel\\framework\\src\\Illuminate\\Foundation\\Console\\Kernel.php(197): Symfony\\Component\\Console\\Application->run(Object(Symfony\\Component\\Console\\Input\\ArgvInput), Object(Symfony\\Component\\Console\\Output\\ConsoleOutput))
#33 D:\\XAMPPP\\htdocs\\laravel-tutorial\\oliver-rein\\vendor\\laravel\\framework\\src\\Illuminate\\Foundation\\Application.php(1234): Illuminate\\Foundation\\Console\\Kernel->handle(Object(Symfony\\Component\\Console\\Input\\ArgvInput), Object(Symfony\\Component\\Console\\Output\\ConsoleOutput))
#34 D:\\XAMPPP\\htdocs\\laravel-tutorial\\oliver-rein\\artisan(13): Illuminate\\Foundation\\Application->handleCommand(Object(Symfony\\Component\\Console\\Input\\ArgvInput))
#35 {main}
"} 
[2025-07-19 21:58:56] local.ERROR: Cannot declare class App\Models\User, because the name is already in use {"exception":"[object] (Symfony\\Component\\ErrorHandler\\Error\\FatalError(code: 0): Cannot declare class App\\Models\\User, because the name is already in use at D:\\XAMPPP\\htdocs\\laravel-tutorial\\oliver-rein\\app\\Models\\User.php:13)
[stacktrace]
#0 {main}
"} 
[2025-07-19 21:59:19] local.ERROR: Unable to prepare route [changelog] for serialization. Another route has already been assigned name [mfx.changelog]. {"exception":"[object] (LogicException(code: 0): Unable to prepare route [changelog] for serialization. Another route has already been assigned name [mfx.changelog]. at D:\\XAMPPP\\htdocs\\laravel-tutorial\\oliver-rein\\vendor\\laravel\\framework\\src\\Illuminate\\Routing\\AbstractRouteCollection.php:248)
[stacktrace]
#0 D:\\XAMPPP\\htdocs\\laravel-tutorial\\oliver-rein\\vendor\\laravel\\framework\\src\\Illuminate\\Routing\\AbstractRouteCollection.php(209): Illuminate\\Routing\\AbstractRouteCollection->addToSymfonyRoutesCollection(Object(Symfony\\Component\\Routing\\RouteCollection), Object(Illuminate\\Routing\\Route))
#1 D:\\XAMPPP\\htdocs\\laravel-tutorial\\oliver-rein\\vendor\\laravel\\framework\\src\\Illuminate\\Routing\\RouteCollection.php(246): Illuminate\\Routing\\AbstractRouteCollection->toSymfonyRouteCollection()
#2 D:\\XAMPPP\\htdocs\\laravel-tutorial\\oliver-rein\\vendor\\laravel\\framework\\src\\Illuminate\\Routing\\AbstractRouteCollection.php(193): Illuminate\\Routing\\RouteCollection->toSymfonyRouteCollection()
#3 D:\\XAMPPP\\htdocs\\laravel-tutorial\\oliver-rein\\vendor\\laravel\\framework\\src\\Illuminate\\Routing\\AbstractRouteCollection.php(164): Illuminate\\Routing\\AbstractRouteCollection->dumper()
#4 D:\\XAMPPP\\htdocs\\laravel-tutorial\\oliver-rein\\vendor\\laravel\\framework\\src\\Illuminate\\Foundation\\Console\\RouteCacheCommand.php(108): Illuminate\\Routing\\AbstractRouteCollection->compile()
#5 D:\\XAMPPP\\htdocs\\laravel-tutorial\\oliver-rein\\vendor\\laravel\\framework\\src\\Illuminate\\Foundation\\Console\\RouteCacheCommand.php(67): Illuminate\\Foundation\\Console\\RouteCacheCommand->buildRouteCacheFile(Object(Illuminate\\Routing\\RouteCollection))
#6 D:\\XAMPPP\\htdocs\\laravel-tutorial\\oliver-rein\\vendor\\laravel\\framework\\src\\Illuminate\\Container\\BoundMethod.php(36): Illuminate\\Foundation\\Console\\RouteCacheCommand->handle()
#7 D:\\XAMPPP\\htdocs\\laravel-tutorial\\oliver-rein\\vendor\\laravel\\framework\\src\\Illuminate\\Container\\Util.php(43): Illuminate\\Container\\BoundMethod::Illuminate\\Container\\{closure}()
#8 D:\\XAMPPP\\htdocs\\laravel-tutorial\\oliver-rein\\vendor\\laravel\\framework\\src\\Illuminate\\Container\\BoundMethod.php(96): Illuminate\\Container\\Util::unwrapIfClosure(Object(Closure))
#9 D:\\XAMPPP\\htdocs\\laravel-tutorial\\oliver-rein\\vendor\\laravel\\framework\\src\\Illuminate\\Container\\BoundMethod.php(35): Illuminate\\Container\\BoundMethod::callBoundMethod(Object(Illuminate\\Foundation\\Application), Array, Object(Closure))
#10 D:\\XAMPPP\\htdocs\\laravel-tutorial\\oliver-rein\\vendor\\laravel\\framework\\src\\Illuminate\\Container\\Container.php(754): Illuminate\\Container\\BoundMethod::call(Object(Illuminate\\Foundation\\Application), Array, Array, NULL)
#11 D:\\XAMPPP\\htdocs\\laravel-tutorial\\oliver-rein\\vendor\\laravel\\framework\\src\\Illuminate\\Console\\Command.php(209): Illuminate\\Container\\Container->call(Array)
#12 D:\\XAMPPP\\htdocs\\laravel-tutorial\\oliver-rein\\vendor\\symfony\\console\\Command\\Command.php(318): Illuminate\\Console\\Command->execute(Object(Symfony\\Component\\Console\\Input\\ArrayInput), Object(Illuminate\\Console\\OutputStyle))
#13 D:\\XAMPPP\\htdocs\\laravel-tutorial\\oliver-rein\\vendor\\laravel\\framework\\src\\Illuminate\\Console\\Command.php(178): Symfony\\Component\\Console\\Command\\Command->run(Object(Symfony\\Component\\Console\\Input\\ArrayInput), Object(Illuminate\\Console\\OutputStyle))
#14 D:\\XAMPPP\\htdocs\\laravel-tutorial\\oliver-rein\\vendor\\laravel\\framework\\src\\Illuminate\\Console\\Concerns\\CallsCommands.php(68): Illuminate\\Console\\Command->run(Object(Symfony\\Component\\Console\\Input\\ArrayInput), Object(Symfony\\Component\\Console\\Output\\NullOutput))
#15 D:\\XAMPPP\\htdocs\\laravel-tutorial\\oliver-rein\\vendor\\laravel\\framework\\src\\Illuminate\\Console\\Concerns\\CallsCommands.php(41): Illuminate\\Console\\Command->runCommand('route:cache', Array, Object(Symfony\\Component\\Console\\Output\\NullOutput))
#16 D:\\XAMPPP\\htdocs\\laravel-tutorial\\oliver-rein\\vendor\\laravel\\framework\\src\\Illuminate\\Console\\Concerns\\CallsCommands.php(53): Illuminate\\Console\\Command->callSilent('route:cache', Array)
#17 D:\\XAMPPP\\htdocs\\laravel-tutorial\\oliver-rein\\vendor\\laravel\\framework\\src\\Illuminate\\Foundation\\Console\\OptimizeCommand.php(48): Illuminate\\Console\\Command->callSilently('route:cache')
#18 D:\\XAMPPP\\htdocs\\laravel-tutorial\\oliver-rein\\vendor\\laravel\\framework\\src\\Illuminate\\Console\\View\\Components\\Task.php(41): Illuminate\\Foundation\\Console\\OptimizeCommand->Illuminate\\Foundation\\Console\\{closure}()
#19 D:\\XAMPPP\\htdocs\\laravel-tutorial\\oliver-rein\\vendor\\laravel\\framework\\src\\Illuminate\\Console\\View\\Components\\Factory.php(59): Illuminate\\Console\\View\\Components\\Task->render('routes', Object(Closure))
#20 D:\\XAMPPP\\htdocs\\laravel-tutorial\\oliver-rein\\vendor\\laravel\\framework\\src\\Illuminate\\Foundation\\Console\\OptimizeCommand.php(48): Illuminate\\Console\\View\\Components\\Factory->__call('task', Array)
#21 D:\\XAMPPP\\htdocs\\laravel-tutorial\\oliver-rein\\vendor\\laravel\\framework\\src\\Illuminate\\Container\\BoundMethod.php(36): Illuminate\\Foundation\\Console\\OptimizeCommand->handle()
#22 D:\\XAMPPP\\htdocs\\laravel-tutorial\\oliver-rein\\vendor\\laravel\\framework\\src\\Illuminate\\Container\\Util.php(43): Illuminate\\Container\\BoundMethod::Illuminate\\Container\\{closure}()
#23 D:\\XAMPPP\\htdocs\\laravel-tutorial\\oliver-rein\\vendor\\laravel\\framework\\src\\Illuminate\\Container\\BoundMethod.php(96): Illuminate\\Container\\Util::unwrapIfClosure(Object(Closure))
#24 D:\\XAMPPP\\htdocs\\laravel-tutorial\\oliver-rein\\vendor\\laravel\\framework\\src\\Illuminate\\Container\\BoundMethod.php(35): Illuminate\\Container\\BoundMethod::callBoundMethod(Object(Illuminate\\Foundation\\Application), Array, Object(Closure))
#25 D:\\XAMPPP\\htdocs\\laravel-tutorial\\oliver-rein\\vendor\\laravel\\framework\\src\\Illuminate\\Container\\Container.php(754): Illuminate\\Container\\BoundMethod::call(Object(Illuminate\\Foundation\\Application), Array, Array, NULL)
#26 D:\\XAMPPP\\htdocs\\laravel-tutorial\\oliver-rein\\vendor\\laravel\\framework\\src\\Illuminate\\Console\\Command.php(209): Illuminate\\Container\\Container->call(Array)
#27 D:\\XAMPPP\\htdocs\\laravel-tutorial\\oliver-rein\\vendor\\symfony\\console\\Command\\Command.php(318): Illuminate\\Console\\Command->execute(Object(Symfony\\Component\\Console\\Input\\ArgvInput), Object(Illuminate\\Console\\OutputStyle))
#28 D:\\XAMPPP\\htdocs\\laravel-tutorial\\oliver-rein\\vendor\\laravel\\framework\\src\\Illuminate\\Console\\Command.php(178): Symfony\\Component\\Console\\Command\\Command->run(Object(Symfony\\Component\\Console\\Input\\ArgvInput), Object(Illuminate\\Console\\OutputStyle))
#29 D:\\XAMPPP\\htdocs\\laravel-tutorial\\oliver-rein\\vendor\\symfony\\console\\Application.php(1092): Illuminate\\Console\\Command->run(Object(Symfony\\Component\\Console\\Input\\ArgvInput), Object(Symfony\\Component\\Console\\Output\\ConsoleOutput))
#30 D:\\XAMPPP\\htdocs\\laravel-tutorial\\oliver-rein\\vendor\\symfony\\console\\Application.php(341): Symfony\\Component\\Console\\Application->doRunCommand(Object(Illuminate\\Foundation\\Console\\OptimizeCommand), Object(Symfony\\Component\\Console\\Input\\ArgvInput), Object(Symfony\\Component\\Console\\Output\\ConsoleOutput))
#31 D:\\XAMPPP\\htdocs\\laravel-tutorial\\oliver-rein\\vendor\\symfony\\console\\Application.php(192): Symfony\\Component\\Console\\Application->doRun(Object(Symfony\\Component\\Console\\Input\\ArgvInput), Object(Symfony\\Component\\Console\\Output\\ConsoleOutput))
#32 D:\\XAMPPP\\htdocs\\laravel-tutorial\\oliver-rein\\vendor\\laravel\\framework\\src\\Illuminate\\Foundation\\Console\\Kernel.php(197): Symfony\\Component\\Console\\Application->run(Object(Symfony\\Component\\Console\\Input\\ArgvInput), Object(Symfony\\Component\\Console\\Output\\ConsoleOutput))
#33 D:\\XAMPPP\\htdocs\\laravel-tutorial\\oliver-rein\\vendor\\laravel\\framework\\src\\Illuminate\\Foundation\\Application.php(1234): Illuminate\\Foundation\\Console\\Kernel->handle(Object(Symfony\\Component\\Console\\Input\\ArgvInput), Object(Symfony\\Component\\Console\\Output\\ConsoleOutput))
#34 D:\\XAMPPP\\htdocs\\laravel-tutorial\\oliver-rein\\artisan(13): Illuminate\\Foundation\\Application->handleCommand(Object(Symfony\\Component\\Console\\Input\\ArgvInput))
#35 {main}
"} 
[2025-07-19 22:15:13] local.ERROR: Unable to prepare route [verify-email] for serialization. Another route has already been assigned name [verification.notice]. {"exception":"[object] (LogicException(code: 0): Unable to prepare route [verify-email] for serialization. Another route has already been assigned name [verification.notice]. at D:\\XAMPPP\\htdocs\\laravel-tutorial\\oliver-rein\\vendor\\laravel\\framework\\src\\Illuminate\\Routing\\AbstractRouteCollection.php:248)
[stacktrace]
#0 D:\\XAMPPP\\htdocs\\laravel-tutorial\\oliver-rein\\vendor\\laravel\\framework\\src\\Illuminate\\Routing\\AbstractRouteCollection.php(209): Illuminate\\Routing\\AbstractRouteCollection->addToSymfonyRoutesCollection(Object(Symfony\\Component\\Routing\\RouteCollection), Object(Illuminate\\Routing\\Route))
#1 D:\\XAMPPP\\htdocs\\laravel-tutorial\\oliver-rein\\vendor\\laravel\\framework\\src\\Illuminate\\Routing\\RouteCollection.php(246): Illuminate\\Routing\\AbstractRouteCollection->toSymfonyRouteCollection()
#2 D:\\XAMPPP\\htdocs\\laravel-tutorial\\oliver-rein\\vendor\\laravel\\framework\\src\\Illuminate\\Routing\\AbstractRouteCollection.php(193): Illuminate\\Routing\\RouteCollection->toSymfonyRouteCollection()
#3 D:\\XAMPPP\\htdocs\\laravel-tutorial\\oliver-rein\\vendor\\laravel\\framework\\src\\Illuminate\\Routing\\AbstractRouteCollection.php(164): Illuminate\\Routing\\AbstractRouteCollection->dumper()
#4 D:\\XAMPPP\\htdocs\\laravel-tutorial\\oliver-rein\\vendor\\laravel\\framework\\src\\Illuminate\\Foundation\\Console\\RouteCacheCommand.php(108): Illuminate\\Routing\\AbstractRouteCollection->compile()
#5 D:\\XAMPPP\\htdocs\\laravel-tutorial\\oliver-rein\\vendor\\laravel\\framework\\src\\Illuminate\\Foundation\\Console\\RouteCacheCommand.php(67): Illuminate\\Foundation\\Console\\RouteCacheCommand->buildRouteCacheFile(Object(Illuminate\\Routing\\RouteCollection))
#6 D:\\XAMPPP\\htdocs\\laravel-tutorial\\oliver-rein\\vendor\\laravel\\framework\\src\\Illuminate\\Container\\BoundMethod.php(36): Illuminate\\Foundation\\Console\\RouteCacheCommand->handle()
#7 D:\\XAMPPP\\htdocs\\laravel-tutorial\\oliver-rein\\vendor\\laravel\\framework\\src\\Illuminate\\Container\\Util.php(43): Illuminate\\Container\\BoundMethod::Illuminate\\Container\\{closure}()
#8 D:\\XAMPPP\\htdocs\\laravel-tutorial\\oliver-rein\\vendor\\laravel\\framework\\src\\Illuminate\\Container\\BoundMethod.php(96): Illuminate\\Container\\Util::unwrapIfClosure(Object(Closure))
#9 D:\\XAMPPP\\htdocs\\laravel-tutorial\\oliver-rein\\vendor\\laravel\\framework\\src\\Illuminate\\Container\\BoundMethod.php(35): Illuminate\\Container\\BoundMethod::callBoundMethod(Object(Illuminate\\Foundation\\Application), Array, Object(Closure))
#10 D:\\XAMPPP\\htdocs\\laravel-tutorial\\oliver-rein\\vendor\\laravel\\framework\\src\\Illuminate\\Container\\Container.php(754): Illuminate\\Container\\BoundMethod::call(Object(Illuminate\\Foundation\\Application), Array, Array, NULL)
#11 D:\\XAMPPP\\htdocs\\laravel-tutorial\\oliver-rein\\vendor\\laravel\\framework\\src\\Illuminate\\Console\\Command.php(209): Illuminate\\Container\\Container->call(Array)
#12 D:\\XAMPPP\\htdocs\\laravel-tutorial\\oliver-rein\\vendor\\symfony\\console\\Command\\Command.php(318): Illuminate\\Console\\Command->execute(Object(Symfony\\Component\\Console\\Input\\ArrayInput), Object(Illuminate\\Console\\OutputStyle))
#13 D:\\XAMPPP\\htdocs\\laravel-tutorial\\oliver-rein\\vendor\\laravel\\framework\\src\\Illuminate\\Console\\Command.php(178): Symfony\\Component\\Console\\Command\\Command->run(Object(Symfony\\Component\\Console\\Input\\ArrayInput), Object(Illuminate\\Console\\OutputStyle))
#14 D:\\XAMPPP\\htdocs\\laravel-tutorial\\oliver-rein\\vendor\\laravel\\framework\\src\\Illuminate\\Console\\Concerns\\CallsCommands.php(68): Illuminate\\Console\\Command->run(Object(Symfony\\Component\\Console\\Input\\ArrayInput), Object(Symfony\\Component\\Console\\Output\\NullOutput))
#15 D:\\XAMPPP\\htdocs\\laravel-tutorial\\oliver-rein\\vendor\\laravel\\framework\\src\\Illuminate\\Console\\Concerns\\CallsCommands.php(41): Illuminate\\Console\\Command->runCommand('route:cache', Array, Object(Symfony\\Component\\Console\\Output\\NullOutput))
#16 D:\\XAMPPP\\htdocs\\laravel-tutorial\\oliver-rein\\vendor\\laravel\\framework\\src\\Illuminate\\Console\\Concerns\\CallsCommands.php(53): Illuminate\\Console\\Command->callSilent('route:cache', Array)
#17 D:\\XAMPPP\\htdocs\\laravel-tutorial\\oliver-rein\\vendor\\laravel\\framework\\src\\Illuminate\\Foundation\\Console\\OptimizeCommand.php(48): Illuminate\\Console\\Command->callSilently('route:cache')
#18 D:\\XAMPPP\\htdocs\\laravel-tutorial\\oliver-rein\\vendor\\laravel\\framework\\src\\Illuminate\\Console\\View\\Components\\Task.php(41): Illuminate\\Foundation\\Console\\OptimizeCommand->Illuminate\\Foundation\\Console\\{closure}()
#19 D:\\XAMPPP\\htdocs\\laravel-tutorial\\oliver-rein\\vendor\\laravel\\framework\\src\\Illuminate\\Console\\View\\Components\\Factory.php(59): Illuminate\\Console\\View\\Components\\Task->render('routes', Object(Closure))
#20 D:\\XAMPPP\\htdocs\\laravel-tutorial\\oliver-rein\\vendor\\laravel\\framework\\src\\Illuminate\\Foundation\\Console\\OptimizeCommand.php(48): Illuminate\\Console\\View\\Components\\Factory->__call('task', Array)
#21 D:\\XAMPPP\\htdocs\\laravel-tutorial\\oliver-rein\\vendor\\laravel\\framework\\src\\Illuminate\\Container\\BoundMethod.php(36): Illuminate\\Foundation\\Console\\OptimizeCommand->handle()
#22 D:\\XAMPPP\\htdocs\\laravel-tutorial\\oliver-rein\\vendor\\laravel\\framework\\src\\Illuminate\\Container\\Util.php(43): Illuminate\\Container\\BoundMethod::Illuminate\\Container\\{closure}()
#23 D:\\XAMPPP\\htdocs\\laravel-tutorial\\oliver-rein\\vendor\\laravel\\framework\\src\\Illuminate\\Container\\BoundMethod.php(96): Illuminate\\Container\\Util::unwrapIfClosure(Object(Closure))
#24 D:\\XAMPPP\\htdocs\\laravel-tutorial\\oliver-rein\\vendor\\laravel\\framework\\src\\Illuminate\\Container\\BoundMethod.php(35): Illuminate\\Container\\BoundMethod::callBoundMethod(Object(Illuminate\\Foundation\\Application), Array, Object(Closure))
#25 D:\\XAMPPP\\htdocs\\laravel-tutorial\\oliver-rein\\vendor\\laravel\\framework\\src\\Illuminate\\Container\\Container.php(754): Illuminate\\Container\\BoundMethod::call(Object(Illuminate\\Foundation\\Application), Array, Array, NULL)
#26 D:\\XAMPPP\\htdocs\\laravel-tutorial\\oliver-rein\\vendor\\laravel\\framework\\src\\Illuminate\\Console\\Command.php(209): Illuminate\\Container\\Container->call(Array)
#27 D:\\XAMPPP\\htdocs\\laravel-tutorial\\oliver-rein\\vendor\\symfony\\console\\Command\\Command.php(318): Illuminate\\Console\\Command->execute(Object(Symfony\\Component\\Console\\Input\\ArgvInput), Object(Illuminate\\Console\\OutputStyle))
#28 D:\\XAMPPP\\htdocs\\laravel-tutorial\\oliver-rein\\vendor\\laravel\\framework\\src\\Illuminate\\Console\\Command.php(178): Symfony\\Component\\Console\\Command\\Command->run(Object(Symfony\\Component\\Console\\Input\\ArgvInput), Object(Illuminate\\Console\\OutputStyle))
#29 D:\\XAMPPP\\htdocs\\laravel-tutorial\\oliver-rein\\vendor\\symfony\\console\\Application.php(1092): Illuminate\\Console\\Command->run(Object(Symfony\\Component\\Console\\Input\\ArgvInput), Object(Symfony\\Component\\Console\\Output\\ConsoleOutput))
#30 D:\\XAMPPP\\htdocs\\laravel-tutorial\\oliver-rein\\vendor\\symfony\\console\\Application.php(341): Symfony\\Component\\Console\\Application->doRunCommand(Object(Illuminate\\Foundation\\Console\\OptimizeCommand), Object(Symfony\\Component\\Console\\Input\\ArgvInput), Object(Symfony\\Component\\Console\\Output\\ConsoleOutput))
#31 D:\\XAMPPP\\htdocs\\laravel-tutorial\\oliver-rein\\vendor\\symfony\\console\\Application.php(192): Symfony\\Component\\Console\\Application->doRun(Object(Symfony\\Component\\Console\\Input\\ArgvInput), Object(Symfony\\Component\\Console\\Output\\ConsoleOutput))
#32 D:\\XAMPPP\\htdocs\\laravel-tutorial\\oliver-rein\\vendor\\laravel\\framework\\src\\Illuminate\\Foundation\\Console\\Kernel.php(197): Symfony\\Component\\Console\\Application->run(Object(Symfony\\Component\\Console\\Input\\ArgvInput), Object(Symfony\\Component\\Console\\Output\\ConsoleOutput))
#33 D:\\XAMPPP\\htdocs\\laravel-tutorial\\oliver-rein\\vendor\\laravel\\framework\\src\\Illuminate\\Foundation\\Application.php(1234): Illuminate\\Foundation\\Console\\Kernel->handle(Object(Symfony\\Component\\Console\\Input\\ArgvInput), Object(Symfony\\Component\\Console\\Output\\ConsoleOutput))
#34 D:\\XAMPPP\\htdocs\\laravel-tutorial\\oliver-rein\\artisan(13): Illuminate\\Foundation\\Application->handleCommand(Object(Symfony\\Component\\Console\\Input\\ArgvInput))
#35 {main}
"} 
[2025-07-19 22:16:55] local.ERROR: Unable to prepare route [verify-email] for serialization. Another route has already been assigned name [verification.notice]. {"exception":"[object] (LogicException(code: 0): Unable to prepare route [verify-email] for serialization. Another route has already been assigned name [verification.notice]. at D:\\XAMPPP\\htdocs\\laravel-tutorial\\oliver-rein\\vendor\\laravel\\framework\\src\\Illuminate\\Routing\\AbstractRouteCollection.php:248)
[stacktrace]
#0 D:\\XAMPPP\\htdocs\\laravel-tutorial\\oliver-rein\\vendor\\laravel\\framework\\src\\Illuminate\\Routing\\AbstractRouteCollection.php(209): Illuminate\\Routing\\AbstractRouteCollection->addToSymfonyRoutesCollection(Object(Symfony\\Component\\Routing\\RouteCollection), Object(Illuminate\\Routing\\Route))
#1 D:\\XAMPPP\\htdocs\\laravel-tutorial\\oliver-rein\\vendor\\laravel\\framework\\src\\Illuminate\\Routing\\RouteCollection.php(246): Illuminate\\Routing\\AbstractRouteCollection->toSymfonyRouteCollection()
#2 D:\\XAMPPP\\htdocs\\laravel-tutorial\\oliver-rein\\vendor\\laravel\\framework\\src\\Illuminate\\Routing\\AbstractRouteCollection.php(193): Illuminate\\Routing\\RouteCollection->toSymfonyRouteCollection()
#3 D:\\XAMPPP\\htdocs\\laravel-tutorial\\oliver-rein\\vendor\\laravel\\framework\\src\\Illuminate\\Routing\\AbstractRouteCollection.php(164): Illuminate\\Routing\\AbstractRouteCollection->dumper()
#4 D:\\XAMPPP\\htdocs\\laravel-tutorial\\oliver-rein\\vendor\\laravel\\framework\\src\\Illuminate\\Foundation\\Console\\RouteCacheCommand.php(108): Illuminate\\Routing\\AbstractRouteCollection->compile()
#5 D:\\XAMPPP\\htdocs\\laravel-tutorial\\oliver-rein\\vendor\\laravel\\framework\\src\\Illuminate\\Foundation\\Console\\RouteCacheCommand.php(67): Illuminate\\Foundation\\Console\\RouteCacheCommand->buildRouteCacheFile(Object(Illuminate\\Routing\\RouteCollection))
#6 D:\\XAMPPP\\htdocs\\laravel-tutorial\\oliver-rein\\vendor\\laravel\\framework\\src\\Illuminate\\Container\\BoundMethod.php(36): Illuminate\\Foundation\\Console\\RouteCacheCommand->handle()
#7 D:\\XAMPPP\\htdocs\\laravel-tutorial\\oliver-rein\\vendor\\laravel\\framework\\src\\Illuminate\\Container\\Util.php(43): Illuminate\\Container\\BoundMethod::Illuminate\\Container\\{closure}()
#8 D:\\XAMPPP\\htdocs\\laravel-tutorial\\oliver-rein\\vendor\\laravel\\framework\\src\\Illuminate\\Container\\BoundMethod.php(96): Illuminate\\Container\\Util::unwrapIfClosure(Object(Closure))
#9 D:\\XAMPPP\\htdocs\\laravel-tutorial\\oliver-rein\\vendor\\laravel\\framework\\src\\Illuminate\\Container\\BoundMethod.php(35): Illuminate\\Container\\BoundMethod::callBoundMethod(Object(Illuminate\\Foundation\\Application), Array, Object(Closure))
#10 D:\\XAMPPP\\htdocs\\laravel-tutorial\\oliver-rein\\vendor\\laravel\\framework\\src\\Illuminate\\Container\\Container.php(754): Illuminate\\Container\\BoundMethod::call(Object(Illuminate\\Foundation\\Application), Array, Array, NULL)
#11 D:\\XAMPPP\\htdocs\\laravel-tutorial\\oliver-rein\\vendor\\laravel\\framework\\src\\Illuminate\\Console\\Command.php(209): Illuminate\\Container\\Container->call(Array)
#12 D:\\XAMPPP\\htdocs\\laravel-tutorial\\oliver-rein\\vendor\\symfony\\console\\Command\\Command.php(318): Illuminate\\Console\\Command->execute(Object(Symfony\\Component\\Console\\Input\\ArrayInput), Object(Illuminate\\Console\\OutputStyle))
#13 D:\\XAMPPP\\htdocs\\laravel-tutorial\\oliver-rein\\vendor\\laravel\\framework\\src\\Illuminate\\Console\\Command.php(178): Symfony\\Component\\Console\\Command\\Command->run(Object(Symfony\\Component\\Console\\Input\\ArrayInput), Object(Illuminate\\Console\\OutputStyle))
#14 D:\\XAMPPP\\htdocs\\laravel-tutorial\\oliver-rein\\vendor\\laravel\\framework\\src\\Illuminate\\Console\\Concerns\\CallsCommands.php(68): Illuminate\\Console\\Command->run(Object(Symfony\\Component\\Console\\Input\\ArrayInput), Object(Symfony\\Component\\Console\\Output\\NullOutput))
#15 D:\\XAMPPP\\htdocs\\laravel-tutorial\\oliver-rein\\vendor\\laravel\\framework\\src\\Illuminate\\Console\\Concerns\\CallsCommands.php(41): Illuminate\\Console\\Command->runCommand('route:cache', Array, Object(Symfony\\Component\\Console\\Output\\NullOutput))
#16 D:\\XAMPPP\\htdocs\\laravel-tutorial\\oliver-rein\\vendor\\laravel\\framework\\src\\Illuminate\\Console\\Concerns\\CallsCommands.php(53): Illuminate\\Console\\Command->callSilent('route:cache', Array)
#17 D:\\XAMPPP\\htdocs\\laravel-tutorial\\oliver-rein\\vendor\\laravel\\framework\\src\\Illuminate\\Foundation\\Console\\OptimizeCommand.php(48): Illuminate\\Console\\Command->callSilently('route:cache')
#18 D:\\XAMPPP\\htdocs\\laravel-tutorial\\oliver-rein\\vendor\\laravel\\framework\\src\\Illuminate\\Console\\View\\Components\\Task.php(41): Illuminate\\Foundation\\Console\\OptimizeCommand->Illuminate\\Foundation\\Console\\{closure}()
#19 D:\\XAMPPP\\htdocs\\laravel-tutorial\\oliver-rein\\vendor\\laravel\\framework\\src\\Illuminate\\Console\\View\\Components\\Factory.php(59): Illuminate\\Console\\View\\Components\\Task->render('routes', Object(Closure))
#20 D:\\XAMPPP\\htdocs\\laravel-tutorial\\oliver-rein\\vendor\\laravel\\framework\\src\\Illuminate\\Foundation\\Console\\OptimizeCommand.php(48): Illuminate\\Console\\View\\Components\\Factory->__call('task', Array)
#21 D:\\XAMPPP\\htdocs\\laravel-tutorial\\oliver-rein\\vendor\\laravel\\framework\\src\\Illuminate\\Container\\BoundMethod.php(36): Illuminate\\Foundation\\Console\\OptimizeCommand->handle()
#22 D:\\XAMPPP\\htdocs\\laravel-tutorial\\oliver-rein\\vendor\\laravel\\framework\\src\\Illuminate\\Container\\Util.php(43): Illuminate\\Container\\BoundMethod::Illuminate\\Container\\{closure}()
#23 D:\\XAMPPP\\htdocs\\laravel-tutorial\\oliver-rein\\vendor\\laravel\\framework\\src\\Illuminate\\Container\\BoundMethod.php(96): Illuminate\\Container\\Util::unwrapIfClosure(Object(Closure))
#24 D:\\XAMPPP\\htdocs\\laravel-tutorial\\oliver-rein\\vendor\\laravel\\framework\\src\\Illuminate\\Container\\BoundMethod.php(35): Illuminate\\Container\\BoundMethod::callBoundMethod(Object(Illuminate\\Foundation\\Application), Array, Object(Closure))
#25 D:\\XAMPPP\\htdocs\\laravel-tutorial\\oliver-rein\\vendor\\laravel\\framework\\src\\Illuminate\\Container\\Container.php(754): Illuminate\\Container\\BoundMethod::call(Object(Illuminate\\Foundation\\Application), Array, Array, NULL)
#26 D:\\XAMPPP\\htdocs\\laravel-tutorial\\oliver-rein\\vendor\\laravel\\framework\\src\\Illuminate\\Console\\Command.php(209): Illuminate\\Container\\Container->call(Array)
#27 D:\\XAMPPP\\htdocs\\laravel-tutorial\\oliver-rein\\vendor\\symfony\\console\\Command\\Command.php(318): Illuminate\\Console\\Command->execute(Object(Symfony\\Component\\Console\\Input\\ArgvInput), Object(Illuminate\\Console\\OutputStyle))
#28 D:\\XAMPPP\\htdocs\\laravel-tutorial\\oliver-rein\\vendor\\laravel\\framework\\src\\Illuminate\\Console\\Command.php(178): Symfony\\Component\\Console\\Command\\Command->run(Object(Symfony\\Component\\Console\\Input\\ArgvInput), Object(Illuminate\\Console\\OutputStyle))
#29 D:\\XAMPPP\\htdocs\\laravel-tutorial\\oliver-rein\\vendor\\symfony\\console\\Application.php(1092): Illuminate\\Console\\Command->run(Object(Symfony\\Component\\Console\\Input\\ArgvInput), Object(Symfony\\Component\\Console\\Output\\ConsoleOutput))
#30 D:\\XAMPPP\\htdocs\\laravel-tutorial\\oliver-rein\\vendor\\symfony\\console\\Application.php(341): Symfony\\Component\\Console\\Application->doRunCommand(Object(Illuminate\\Foundation\\Console\\OptimizeCommand), Object(Symfony\\Component\\Console\\Input\\ArgvInput), Object(Symfony\\Component\\Console\\Output\\ConsoleOutput))
#31 D:\\XAMPPP\\htdocs\\laravel-tutorial\\oliver-rein\\vendor\\symfony\\console\\Application.php(192): Symfony\\Component\\Console\\Application->doRun(Object(Symfony\\Component\\Console\\Input\\ArgvInput), Object(Symfony\\Component\\Console\\Output\\ConsoleOutput))
#32 D:\\XAMPPP\\htdocs\\laravel-tutorial\\oliver-rein\\vendor\\laravel\\framework\\src\\Illuminate\\Foundation\\Console\\Kernel.php(197): Symfony\\Component\\Console\\Application->run(Object(Symfony\\Component\\Console\\Input\\ArgvInput), Object(Symfony\\Component\\Console\\Output\\ConsoleOutput))
#33 D:\\XAMPPP\\htdocs\\laravel-tutorial\\oliver-rein\\vendor\\laravel\\framework\\src\\Illuminate\\Foundation\\Application.php(1234): Illuminate\\Foundation\\Console\\Kernel->handle(Object(Symfony\\Component\\Console\\Input\\ArgvInput), Object(Symfony\\Component\\Console\\Output\\ConsoleOutput))
#34 D:\\XAMPPP\\htdocs\\laravel-tutorial\\oliver-rein\\artisan(13): Illuminate\\Foundation\\Application->handleCommand(Object(Symfony\\Component\\Console\\Input\\ArgvInput))
#35 {main}
"} 
